2025-10-20T22:45:42.079-06:00  INFO 19700 --- [PARK CONTROL SA] [main] com.ayd.parkcontrol.Application          : Starting Application using Java 21.0.4 with PID 19700 (C:\Users\Diego Maldonado\Desktop\Universidad 2025\Segundo Semestre\Analisis y Diseño I\Proyecto Final\ayd-proyecto-final-backend\target\classes started by Diego Maldonado in C:\Users\Diego Maldonado\Desktop\Universidad 2025\Segundo Semestre\Analisis y Diseño I\Proyecto Final\ayd-proyecto-final-backend)
2025-10-20T22:45:42.081-06:00 DEBUG 19700 --- [PARK CONTROL SA] [main] com.ayd.parkcontrol.Application          : Running with Spring Boot v3.5.6, Spring v6.2.11
2025-10-20T22:45:42.088-06:00  INFO 19700 --- [PARK CONTROL SA] [main] com.ayd.parkcontrol.Application          : No active profile set, falling back to 1 default profile: "default"
2025-10-20T22:45:42.743-06:00  INFO 19700 --- [PARK CONTROL SA] [main] .s.d.r.c.RepositoryConfigurationDelegate : Multiple Spring Data modules found, entering strict repository configuration mode
2025-10-20T22:45:42.744-06:00  INFO 19700 --- [PARK CONTROL SA] [main] .s.d.r.c.RepositoryConfigurationDelegate : Bootstrapping Spring Data JPA repositories in DEFAULT mode.
2025-10-20T22:45:42.759-06:00  INFO 19700 --- [PARK CONTROL SA] [main] .s.d.r.c.RepositoryConfigurationDelegate : Finished Spring Data repository scanning in 9 ms. Found 0 JPA repository interfaces.
2025-10-20T22:45:42.772-06:00  INFO 19700 --- [PARK CONTROL SA] [main] .s.d.r.c.RepositoryConfigurationDelegate : Multiple Spring Data modules found, entering strict repository configuration mode
2025-10-20T22:45:42.773-06:00  INFO 19700 --- [PARK CONTROL SA] [main] .s.d.r.c.RepositoryConfigurationDelegate : Bootstrapping Spring Data Redis repositories in DEFAULT mode.
2025-10-20T22:45:42.784-06:00  INFO 19700 --- [PARK CONTROL SA] [main] .s.d.r.c.RepositoryConfigurationDelegate : Finished Spring Data repository scanning in 3 ms. Found 0 Redis repository interfaces.
2025-10-20T22:45:43.248-06:00  INFO 19700 --- [PARK CONTROL SA] [main] o.s.b.w.embedded.tomcat.TomcatWebServer  : Tomcat initialized with port 8080 (http)
2025-10-20T22:45:43.257-06:00  INFO 19700 --- [PARK CONTROL SA] [main] o.apache.catalina.core.StandardService   : Starting service [Tomcat]
2025-10-20T22:45:43.258-06:00  INFO 19700 --- [PARK CONTROL SA] [main] o.apache.catalina.core.StandardEngine    : Starting Servlet engine: [Apache Tomcat/10.1.46]
2025-10-20T22:45:43.323-06:00  INFO 19700 --- [PARK CONTROL SA] [main] o.a.c.c.C.[.[localhost].[/api/v1]        : Initializing Spring embedded WebApplicationContext
2025-10-20T22:45:43.324-06:00  INFO 19700 --- [PARK CONTROL SA] [main] w.s.c.ServletWebServerApplicationContext : Root WebApplicationContext: initialization completed in 1203 ms
2025-10-20T22:45:43.341-06:00 ERROR 19700 --- [PARK CONTROL SA] [main] o.s.b.web.embedded.tomcat.TomcatStarter  : Error starting Tomcat context. Exception: org.springframework.beans.factory.UnsatisfiedDependencyException. Message: Error creating bean with name 'jwtAuthenticationFilter' defined in file [C:\Users\Diego Maldonado\Desktop\Universidad 2025\Segundo Semestre\Analisis y Diseño I\Proyecto Final\ayd-proyecto-final-backend\target\classes\com\ayd\parkcontrol\presentation\filter\JwtAuthenticationFilter.class]: Unsatisfied dependency expressed through constructor parameter 1: No qualifying bean of type 'org.springframework.security.core.userdetails.UserDetailsService' available: expected at least 1 bean which qualifies as autowire candidate. Dependency annotations: {}
2025-10-20T22:45:43.360-06:00  INFO 19700 --- [PARK CONTROL SA] [main] o.apache.catalina.core.StandardService   : Stopping service [Tomcat]
2025-10-20T22:45:43.366-06:00  WARN 19700 --- [PARK CONTROL SA] [main] ConfigServletWebServerApplicationContext : Exception encountered during context initialization - cancelling refresh attempt: org.springframework.context.ApplicationContextException: Unable to start web server
2025-10-20T22:45:43.374-06:00  INFO 19700 --- [PARK CONTROL SA] [main] .s.b.a.l.ConditionEvaluationReportLogger : 

Error starting ApplicationContext. To display the condition evaluation report re-run your application with 'debug' enabled.
2025-10-20T22:45:43.388-06:00 ERROR 19700 --- [PARK CONTROL SA] [main] o.s.b.d.LoggingFailureAnalysisReporter   : 

***************************
APPLICATION FAILED TO START
***************************

Description:

Parameter 1 of constructor in com.ayd.parkcontrol.presentation.filter.JwtAuthenticationFilter required a bean of type 'org.springframework.security.core.userdetails.UserDetailsService' that could not be found.


Action:

Consider defining a bean of type 'org.springframework.security.core.userdetails.UserDetailsService' in your configuration.

2025-10-20T22:48:28.026-06:00  INFO 19788 --- [PARK CONTROL SA] [main] com.ayd.parkcontrol.Application          : Starting Application using Java 21.0.4 with PID 19788 (C:\Users\Diego Maldonado\Desktop\Universidad 2025\Segundo Semestre\Analisis y Diseño I\Proyecto Final\ayd-proyecto-final-backend\target\classes started by Diego Maldonado in C:\Users\Diego Maldonado\Desktop\Universidad 2025\Segundo Semestre\Analisis y Diseño I\Proyecto Final\ayd-proyecto-final-backend)
2025-10-20T22:48:28.026-06:00 DEBUG 19788 --- [PARK CONTROL SA] [main] com.ayd.parkcontrol.Application          : Running with Spring Boot v3.5.6, Spring v6.2.11
2025-10-20T22:48:28.026-06:00  INFO 19788 --- [PARK CONTROL SA] [main] com.ayd.parkcontrol.Application          : No active profile set, falling back to 1 default profile: "default"
2025-10-20T22:48:28.684-06:00  INFO 19788 --- [PARK CONTROL SA] [main] .s.d.r.c.RepositoryConfigurationDelegate : Multiple Spring Data modules found, entering strict repository configuration mode
2025-10-20T22:48:28.684-06:00  INFO 19788 --- [PARK CONTROL SA] [main] .s.d.r.c.RepositoryConfigurationDelegate : Bootstrapping Spring Data JPA repositories in DEFAULT mode.
2025-10-20T22:48:28.702-06:00  INFO 19788 --- [PARK CONTROL SA] [main] .s.d.r.c.RepositoryConfigurationDelegate : Finished Spring Data repository scanning in 10 ms. Found 0 JPA repository interfaces.
2025-10-20T22:48:28.713-06:00  INFO 19788 --- [PARK CONTROL SA] [main] .s.d.r.c.RepositoryConfigurationDelegate : Multiple Spring Data modules found, entering strict repository configuration mode
2025-10-20T22:48:28.713-06:00  INFO 19788 --- [PARK CONTROL SA] [main] .s.d.r.c.RepositoryConfigurationDelegate : Bootstrapping Spring Data Redis repositories in DEFAULT mode.
2025-10-20T22:48:28.726-06:00  INFO 19788 --- [PARK CONTROL SA] [main] .s.d.r.c.RepositoryConfigurationDelegate : Finished Spring Data repository scanning in 3 ms. Found 0 Redis repository interfaces.
2025-10-20T22:48:29.184-06:00  INFO 19788 --- [PARK CONTROL SA] [main] o.s.b.w.embedded.tomcat.TomcatWebServer  : Tomcat initialized with port 8080 (http)
2025-10-20T22:48:29.199-06:00  INFO 19788 --- [PARK CONTROL SA] [main] o.apache.catalina.core.StandardService   : Starting service [Tomcat]
2025-10-20T22:48:29.199-06:00  INFO 19788 --- [PARK CONTROL SA] [main] o.apache.catalina.core.StandardEngine    : Starting Servlet engine: [Apache Tomcat/10.1.46]
2025-10-20T22:48:29.269-06:00  INFO 19788 --- [PARK CONTROL SA] [main] o.a.c.c.C.[.[localhost].[/api/v1]        : Initializing Spring embedded WebApplicationContext
2025-10-20T22:48:29.269-06:00  INFO 19788 --- [PARK CONTROL SA] [main] w.s.c.ServletWebServerApplicationContext : Root WebApplicationContext: initialization completed in 1207 ms
2025-10-20T22:48:29.327-06:00 DEBUG 19788 --- [PARK CONTROL SA] [main] c.a.p.p.filter.JwtAuthenticationFilter   : Filter 'jwtAuthenticationFilter' configured for use
2025-10-20T22:48:29.406-06:00  INFO 19788 --- [PARK CONTROL SA] [main] o.hibernate.jpa.internal.util.LogHelper  : HHH000204: Processing PersistenceUnitInfo [name: default]
2025-10-20T22:48:29.446-06:00  INFO 19788 --- [PARK CONTROL SA] [main] org.hibernate.Version                    : HHH000412: Hibernate ORM core version 6.6.29.Final
2025-10-20T22:48:29.468-06:00  INFO 19788 --- [PARK CONTROL SA] [main] o.h.c.internal.RegionFactoryInitiator    : HHH000026: Second-level cache disabled
2025-10-20T22:48:29.640-06:00  INFO 19788 --- [PARK CONTROL SA] [main] o.s.o.j.p.SpringPersistenceUnitInfo      : No LoadTimeWeaver setup: ignoring JPA class transformer
2025-10-20T22:48:29.656-06:00  INFO 19788 --- [PARK CONTROL SA] [main] com.zaxxer.hikari.HikariDataSource       : HikariPool-1 - Starting...
2025-10-20T22:48:29.664-06:00  INFO 19788 --- [PARK CONTROL SA] [main] com.zaxxer.hikari.HikariDataSource       : HikariPool-1 - Start completed.
2025-10-20T22:48:29.727-06:00  WARN 19788 --- [PARK CONTROL SA] [HikariPool-1:connection-adder] o.m.jdbc.message.server.ErrorPacket      : Error: 1045-28000: Access denied for user 'root'@'localhost' (using password: YES)
2025-10-20T22:48:29.753-06:00  WARN 19788 --- [PARK CONTROL SA] [HikariPool-1:connection-adder] o.m.jdbc.message.server.ErrorPacket      : Error: 1045-28000: Access denied for user 'root'@'localhost' (using password: YES)
2025-10-20T22:48:29.783-06:00  WARN 19788 --- [PARK CONTROL SA] [HikariPool-1:connection-adder] o.m.jdbc.message.server.ErrorPacket      : Error: 1045-28000: Access denied for user 'root'@'localhost' (using password: YES)
2025-10-20T22:48:29.840-06:00  WARN 19788 --- [PARK CONTROL SA] [HikariPool-1:connection-adder] o.m.jdbc.message.server.ErrorPacket      : Error: 1045-28000: Access denied for user 'root'@'localhost' (using password: YES)
2025-10-20T22:48:29.933-06:00  WARN 19788 --- [PARK CONTROL SA] [HikariPool-1:connection-adder] o.m.jdbc.message.server.ErrorPacket      : Error: 1045-28000: Access denied for user 'root'@'localhost' (using password: YES)
2025-10-20T22:48:30.121-06:00  WARN 19788 --- [PARK CONTROL SA] [HikariPool-1:connection-adder] o.m.jdbc.message.server.ErrorPacket      : Error: 1045-28000: Access denied for user 'root'@'localhost' (using password: YES)
2025-10-20T22:48:30.459-06:00  WARN 19788 --- [PARK CONTROL SA] [HikariPool-1:connection-adder] o.m.jdbc.message.server.ErrorPacket      : Error: 1045-28000: Access denied for user 'root'@'localhost' (using password: YES)
2025-10-20T22:48:31.117-06:00  WARN 19788 --- [PARK CONTROL SA] [HikariPool-1:connection-adder] o.m.jdbc.message.server.ErrorPacket      : Error: 1045-28000: Access denied for user 'root'@'localhost' (using password: YES)
2025-10-20T22:48:32.405-06:00  WARN 19788 --- [PARK CONTROL SA] [HikariPool-1:connection-adder] o.m.jdbc.message.server.ErrorPacket      : Error: 1045-28000: Access denied for user 'root'@'localhost' (using password: YES)
2025-10-20T22:48:34.676-06:00  WARN 19788 --- [PARK CONTROL SA] [main] o.h.engine.jdbc.spi.SqlExceptionHelper   : SQL Error: 1045, SQLState: 28000
2025-10-20T22:48:34.683-06:00 ERROR 19788 --- [PARK CONTROL SA] [main] o.h.engine.jdbc.spi.SqlExceptionHelper   : HikariPool-1 - Connection is not available, request timed out after 5008ms (total=0, active=0, idle=0, waiting=0)
2025-10-20T22:48:34.683-06:00 ERROR 19788 --- [PARK CONTROL SA] [main] o.h.engine.jdbc.spi.SqlExceptionHelper   : (conn=16) Access denied for user 'root'@'localhost' (using password: YES)
2025-10-20T22:48:34.683-06:00  WARN 19788 --- [PARK CONTROL SA] [main] o.h.e.j.e.i.JdbcEnvironmentInitiator     : HHH000342: Could not obtain connection to query metadata

org.hibernate.exception.GenericJDBCException: unable to obtain isolated JDBC connection [HikariPool-1 - Connection is not available, request timed out after 5008ms (total=0, active=0, idle=0, waiting=0)] [n/a]
	at org.hibernate.exception.internal.StandardSQLExceptionConverter.convert(StandardSQLExceptionConverter.java:63) ~[hibernate-core-6.6.29.Final.jar:6.6.29.Final]
	at org.hibernate.engine.jdbc.spi.SqlExceptionHelper.convert(SqlExceptionHelper.java:108) ~[hibernate-core-6.6.29.Final.jar:6.6.29.Final]
	at org.hibernate.engine.jdbc.spi.SqlExceptionHelper.convert(SqlExceptionHelper.java:94) ~[hibernate-core-6.6.29.Final.jar:6.6.29.Final]
	at org.hibernate.resource.transaction.backend.jdbc.internal.JdbcIsolationDelegate.delegateWork(JdbcIsolationDelegate.java:116) ~[hibernate-core-6.6.29.Final.jar:6.6.29.Final]
	at org.hibernate.engine.jdbc.env.internal.JdbcEnvironmentInitiator.getJdbcEnvironmentUsingJdbcMetadata(JdbcEnvironmentInitiator.java:334) ~[hibernate-core-6.6.29.Final.jar:6.6.29.Final]
	at org.hibernate.engine.jdbc.env.internal.JdbcEnvironmentInitiator.initiateService(JdbcEnvironmentInitiator.java:129) ~[hibernate-core-6.6.29.Final.jar:6.6.29.Final]
	at org.hibernate.engine.jdbc.env.internal.JdbcEnvironmentInitiator.initiateService(JdbcEnvironmentInitiator.java:81) ~[hibernate-core-6.6.29.Final.jar:6.6.29.Final]
	at org.hibernate.boot.registry.internal.StandardServiceRegistryImpl.initiateService(StandardServiceRegistryImpl.java:130) ~[hibernate-core-6.6.29.Final.jar:6.6.29.Final]
	at org.hibernate.service.internal.AbstractServiceRegistryImpl.createService(AbstractServiceRegistryImpl.java:263) ~[hibernate-core-6.6.29.Final.jar:6.6.29.Final]
	at org.hibernate.service.internal.AbstractServiceRegistryImpl.initializeService(AbstractServiceRegistryImpl.java:238) ~[hibernate-core-6.6.29.Final.jar:6.6.29.Final]
	at org.hibernate.service.internal.AbstractServiceRegistryImpl.getService(AbstractServiceRegistryImpl.java:215) ~[hibernate-core-6.6.29.Final.jar:6.6.29.Final]
	at org.hibernate.boot.model.relational.Database.<init>(Database.java:45) ~[hibernate-core-6.6.29.Final.jar:6.6.29.Final]
	at org.hibernate.boot.internal.InFlightMetadataCollectorImpl.getDatabase(InFlightMetadataCollectorImpl.java:226) ~[hibernate-core-6.6.29.Final.jar:6.6.29.Final]
	at org.hibernate.boot.internal.InFlightMetadataCollectorImpl.<init>(InFlightMetadataCollectorImpl.java:194) ~[hibernate-core-6.6.29.Final.jar:6.6.29.Final]
	at org.hibernate.boot.model.process.spi.MetadataBuildingProcess.complete(MetadataBuildingProcess.java:171) ~[hibernate-core-6.6.29.Final.jar:6.6.29.Final]
	at org.hibernate.jpa.boot.internal.EntityManagerFactoryBuilderImpl.metadata(EntityManagerFactoryBuilderImpl.java:1442) ~[hibernate-core-6.6.29.Final.jar:6.6.29.Final]
	at org.hibernate.jpa.boot.internal.EntityManagerFactoryBuilderImpl.build(EntityManagerFactoryBuilderImpl.java:1513) ~[hibernate-core-6.6.29.Final.jar:6.6.29.Final]
	at org.springframework.orm.jpa.vendor.SpringHibernateJpaPersistenceProvider.createContainerEntityManagerFactory(SpringHibernateJpaPersistenceProvider.java:66) ~[spring-orm-6.2.11.jar:6.2.11]
	at org.springframework.orm.jpa.LocalContainerEntityManagerFactoryBean.createNativeEntityManagerFactory(LocalContainerEntityManagerFactoryBean.java:390) ~[spring-orm-6.2.11.jar:6.2.11]
	at org.springframework.orm.jpa.AbstractEntityManagerFactoryBean.buildNativeEntityManagerFactory(AbstractEntityManagerFactoryBean.java:419) ~[spring-orm-6.2.11.jar:6.2.11]
	at org.springframework.orm.jpa.AbstractEntityManagerFactoryBean.afterPropertiesSet(AbstractEntityManagerFactoryBean.java:400) ~[spring-orm-6.2.11.jar:6.2.11]
	at org.springframework.orm.jpa.LocalContainerEntityManagerFactoryBean.afterPropertiesSet(LocalContainerEntityManagerFactoryBean.java:366) ~[spring-orm-6.2.11.jar:6.2.11]
	at org.springframework.beans.factory.support.AbstractAutowireCapableBeanFactory.invokeInitMethods(AbstractAutowireCapableBeanFactory.java:1873) ~[spring-beans-6.2.11.jar:6.2.11]
	at org.springframework.beans.factory.support.AbstractAutowireCapableBeanFactory.initializeBean(AbstractAutowireCapableBeanFactory.java:1822) ~[spring-beans-6.2.11.jar:6.2.11]
	at org.springframework.beans.factory.support.AbstractAutowireCapableBeanFactory.doCreateBean(AbstractAutowireCapableBeanFactory.java:607) ~[spring-beans-6.2.11.jar:6.2.11]
	at org.springframework.beans.factory.support.AbstractAutowireCapableBeanFactory.createBean(AbstractAutowireCapableBeanFactory.java:529) ~[spring-beans-6.2.11.jar:6.2.11]
	at org.springframework.beans.factory.support.AbstractBeanFactory.lambda$doGetBean$0(AbstractBeanFactory.java:339) ~[spring-beans-6.2.11.jar:6.2.11]
	at org.springframework.beans.factory.support.DefaultSingletonBeanRegistry.getSingleton(DefaultSingletonBeanRegistry.java:373) ~[spring-beans-6.2.11.jar:6.2.11]
	at org.springframework.beans.factory.support.AbstractBeanFactory.doGetBean(AbstractBeanFactory.java:337) ~[spring-beans-6.2.11.jar:6.2.11]
	at org.springframework.beans.factory.support.AbstractBeanFactory.getBean(AbstractBeanFactory.java:207) ~[spring-beans-6.2.11.jar:6.2.11]
	at org.springframework.context.support.AbstractApplicationContext.finishBeanFactoryInitialization(AbstractApplicationContext.java:970) ~[spring-context-6.2.11.jar:6.2.11]
	at org.springframework.context.support.AbstractApplicationContext.refresh(AbstractApplicationContext.java:627) ~[spring-context-6.2.11.jar:6.2.11]
	at org.springframework.boot.web.servlet.context.ServletWebServerApplicationContext.refresh(ServletWebServerApplicationContext.java:146) ~[spring-boot-3.5.6.jar:3.5.6]
	at org.springframework.boot.SpringApplication.refresh(SpringApplication.java:752) ~[spring-boot-3.5.6.jar:3.5.6]
	at org.springframework.boot.SpringApplication.refreshContext(SpringApplication.java:439) ~[spring-boot-3.5.6.jar:3.5.6]
	at org.springframework.boot.SpringApplication.run(SpringApplication.java:318) ~[spring-boot-3.5.6.jar:3.5.6]
	at org.springframework.boot.SpringApplication.run(SpringApplication.java:1361) ~[spring-boot-3.5.6.jar:3.5.6]
	at org.springframework.boot.SpringApplication.run(SpringApplication.java:1350) ~[spring-boot-3.5.6.jar:3.5.6]
	at com.ayd.parkcontrol.Application.main(Application.java:10) ~[classes/:na]
Caused by: java.sql.SQLTransientConnectionException: HikariPool-1 - Connection is not available, request timed out after 5008ms (total=0, active=0, idle=0, waiting=0)
	at com.zaxxer.hikari.pool.HikariPool.createTimeoutException(HikariPool.java:714) ~[HikariCP-6.3.3.jar:na]
	at com.zaxxer.hikari.pool.HikariPool.getConnection(HikariPool.java:184) ~[HikariCP-6.3.3.jar:na]
	at com.zaxxer.hikari.pool.HikariPool.getConnection(HikariPool.java:142) ~[HikariCP-6.3.3.jar:na]
	at com.zaxxer.hikari.HikariDataSource.getConnection(HikariDataSource.java:127) ~[HikariCP-6.3.3.jar:na]
	at org.hibernate.engine.jdbc.connections.internal.DatasourceConnectionProviderImpl.getConnection(DatasourceConnectionProviderImpl.java:126) ~[hibernate-core-6.6.29.Final.jar:6.6.29.Final]
	at org.hibernate.engine.jdbc.env.internal.JdbcEnvironmentInitiator$ConnectionProviderJdbcConnectionAccess.obtainConnection(JdbcEnvironmentInitiator.java:485) ~[hibernate-core-6.6.29.Final.jar:6.6.29.Final]
	at org.hibernate.resource.transaction.backend.jdbc.internal.JdbcIsolationDelegate.delegateWork(JdbcIsolationDelegate.java:61) ~[hibernate-core-6.6.29.Final.jar:6.6.29.Final]
	... 35 common frames omitted
Caused by: java.sql.SQLInvalidAuthorizationSpecException: (conn=16) Access denied for user 'root'@'localhost' (using password: YES)
	at org.mariadb.jdbc.export.ExceptionFactory.createException(ExceptionFactory.java:297) ~[mariadb-java-client-3.5.6.jar:na]
	at org.mariadb.jdbc.export.ExceptionFactory.create(ExceptionFactory.java:386) ~[mariadb-java-client-3.5.6.jar:na]
	at org.mariadb.jdbc.client.impl.StandardClient.authenticationHandler(StandardClient.java:475) ~[mariadb-java-client-3.5.6.jar:na]
	at org.mariadb.jdbc.client.impl.StandardClient.handleAuthentication(StandardClient.java:357) ~[mariadb-java-client-3.5.6.jar:na]
	at org.mariadb.jdbc.client.impl.StandardClient.setupConnection(StandardClient.java:159) ~[mariadb-java-client-3.5.6.jar:na]
	at org.mariadb.jdbc.client.impl.StandardClient.<init>(StandardClient.java:127) ~[mariadb-java-client-3.5.6.jar:na]
	at org.mariadb.jdbc.Driver.connect(Driver.java:75) ~[mariadb-java-client-3.5.6.jar:na]
	at org.mariadb.jdbc.Driver.connect(Driver.java:104) ~[mariadb-java-client-3.5.6.jar:na]
	at org.mariadb.jdbc.Driver.connect(Driver.java:29) ~[mariadb-java-client-3.5.6.jar:na]
	at com.zaxxer.hikari.util.DriverDataSource.getConnection(DriverDataSource.java:144) ~[HikariCP-6.3.3.jar:na]
	at com.zaxxer.hikari.pool.PoolBase.newConnection(PoolBase.java:370) ~[HikariCP-6.3.3.jar:na]
	at com.zaxxer.hikari.pool.PoolBase.newPoolEntry(PoolBase.java:207) ~[HikariCP-6.3.3.jar:na]
	at com.zaxxer.hikari.pool.HikariPool.createPoolEntry(HikariPool.java:488) ~[HikariCP-6.3.3.jar:na]
	at com.zaxxer.hikari.pool.HikariPool$PoolEntryCreator.call(HikariPool.java:752) ~[HikariCP-6.3.3.jar:na]
	at com.zaxxer.hikari.pool.HikariPool$PoolEntryCreator.call(HikariPool.java:731) ~[HikariCP-6.3.3.jar:na]
	at java.base/java.util.concurrent.FutureTask.run(FutureTask.java:317) ~[na:na]
	at java.base/java.util.concurrent.ThreadPoolExecutor.runWorker(ThreadPoolExecutor.java:1144) ~[na:na]
	at java.base/java.util.concurrent.ThreadPoolExecutor$Worker.run(ThreadPoolExecutor.java:642) ~[na:na]
	at java.base/java.lang.Thread.run(Thread.java:1583) ~[na:na]

2025-10-20T22:48:34.696-06:00 ERROR 19788 --- [PARK CONTROL SA] [main] j.LocalContainerEntityManagerFactoryBean : Failed to initialize JPA EntityManagerFactory: Unable to create requested service [org.hibernate.engine.jdbc.env.spi.JdbcEnvironment] due to: Unable to determine Dialect without JDBC metadata (please set 'jakarta.persistence.jdbc.url' for common cases or 'hibernate.dialect' when a custom Dialect implementation must be provided)
2025-10-20T22:48:34.698-06:00  WARN 19788 --- [PARK CONTROL SA] [main] ConfigServletWebServerApplicationContext : Exception encountered during context initialization - cancelling refresh attempt: org.springframework.beans.factory.BeanCreationException: Error creating bean with name 'entityManagerFactory' defined in class path resource [org/springframework/boot/autoconfigure/orm/jpa/HibernateJpaConfiguration.class]: Unable to create requested service [org.hibernate.engine.jdbc.env.spi.JdbcEnvironment] due to: Unable to determine Dialect without JDBC metadata (please set 'jakarta.persistence.jdbc.url' for common cases or 'hibernate.dialect' when a custom Dialect implementation must be provided)
2025-10-20T22:48:34.698-06:00  INFO 19788 --- [PARK CONTROL SA] [main] com.zaxxer.hikari.HikariDataSource       : HikariPool-1 - Shutdown initiated...
2025-10-20T22:48:34.985-06:00  INFO 19788 --- [PARK CONTROL SA] [main] com.zaxxer.hikari.HikariDataSource       : HikariPool-1 - Shutdown completed.
2025-10-20T22:48:34.989-06:00  INFO 19788 --- [PARK CONTROL SA] [main] o.apache.catalina.core.StandardService   : Stopping service [Tomcat]
2025-10-20T22:48:34.999-06:00  INFO 19788 --- [PARK CONTROL SA] [main] .s.b.a.l.ConditionEvaluationReportLogger : 

Error starting ApplicationContext. To display the condition evaluation report re-run your application with 'debug' enabled.
2025-10-20T22:48:35.009-06:00 ERROR 19788 --- [PARK CONTROL SA] [main] o.s.boot.SpringApplication               : Application run failed

org.springframework.beans.factory.BeanCreationException: Error creating bean with name 'entityManagerFactory' defined in class path resource [org/springframework/boot/autoconfigure/orm/jpa/HibernateJpaConfiguration.class]: Unable to create requested service [org.hibernate.engine.jdbc.env.spi.JdbcEnvironment] due to: Unable to determine Dialect without JDBC metadata (please set 'jakarta.persistence.jdbc.url' for common cases or 'hibernate.dialect' when a custom Dialect implementation must be provided)
	at org.springframework.beans.factory.support.AbstractAutowireCapableBeanFactory.initializeBean(AbstractAutowireCapableBeanFactory.java:1826) ~[spring-beans-6.2.11.jar:6.2.11]
	at org.springframework.beans.factory.support.AbstractAutowireCapableBeanFactory.doCreateBean(AbstractAutowireCapableBeanFactory.java:607) ~[spring-beans-6.2.11.jar:6.2.11]
	at org.springframework.beans.factory.support.AbstractAutowireCapableBeanFactory.createBean(AbstractAutowireCapableBeanFactory.java:529) ~[spring-beans-6.2.11.jar:6.2.11]
	at org.springframework.beans.factory.support.AbstractBeanFactory.lambda$doGetBean$0(AbstractBeanFactory.java:339) ~[spring-beans-6.2.11.jar:6.2.11]
	at org.springframework.beans.factory.support.DefaultSingletonBeanRegistry.getSingleton(DefaultSingletonBeanRegistry.java:373) ~[spring-beans-6.2.11.jar:6.2.11]
	at org.springframework.beans.factory.support.AbstractBeanFactory.doGetBean(AbstractBeanFactory.java:337) ~[spring-beans-6.2.11.jar:6.2.11]
	at org.springframework.beans.factory.support.AbstractBeanFactory.getBean(AbstractBeanFactory.java:207) ~[spring-beans-6.2.11.jar:6.2.11]
	at org.springframework.context.support.AbstractApplicationContext.finishBeanFactoryInitialization(AbstractApplicationContext.java:970) ~[spring-context-6.2.11.jar:6.2.11]
	at org.springframework.context.support.AbstractApplicationContext.refresh(AbstractApplicationContext.java:627) ~[spring-context-6.2.11.jar:6.2.11]
	at org.springframework.boot.web.servlet.context.ServletWebServerApplicationContext.refresh(ServletWebServerApplicationContext.java:146) ~[spring-boot-3.5.6.jar:3.5.6]
	at org.springframework.boot.SpringApplication.refresh(SpringApplication.java:752) ~[spring-boot-3.5.6.jar:3.5.6]
	at org.springframework.boot.SpringApplication.refreshContext(SpringApplication.java:439) ~[spring-boot-3.5.6.jar:3.5.6]
	at org.springframework.boot.SpringApplication.run(SpringApplication.java:318) ~[spring-boot-3.5.6.jar:3.5.6]
	at org.springframework.boot.SpringApplication.run(SpringApplication.java:1361) ~[spring-boot-3.5.6.jar:3.5.6]
	at org.springframework.boot.SpringApplication.run(SpringApplication.java:1350) ~[spring-boot-3.5.6.jar:3.5.6]
	at com.ayd.parkcontrol.Application.main(Application.java:10) ~[classes/:na]
Caused by: org.hibernate.service.spi.ServiceException: Unable to create requested service [org.hibernate.engine.jdbc.env.spi.JdbcEnvironment] due to: Unable to determine Dialect without JDBC metadata (please set 'jakarta.persistence.jdbc.url' for common cases or 'hibernate.dialect' when a custom Dialect implementation must be provided)
	at org.hibernate.service.internal.AbstractServiceRegistryImpl.createService(AbstractServiceRegistryImpl.java:276) ~[hibernate-core-6.6.29.Final.jar:6.6.29.Final]
	at org.hibernate.service.internal.AbstractServiceRegistryImpl.initializeService(AbstractServiceRegistryImpl.java:238) ~[hibernate-core-6.6.29.Final.jar:6.6.29.Final]
	at org.hibernate.service.internal.AbstractServiceRegistryImpl.getService(AbstractServiceRegistryImpl.java:215) ~[hibernate-core-6.6.29.Final.jar:6.6.29.Final]
	at org.hibernate.boot.model.relational.Database.<init>(Database.java:45) ~[hibernate-core-6.6.29.Final.jar:6.6.29.Final]
	at org.hibernate.boot.internal.InFlightMetadataCollectorImpl.getDatabase(InFlightMetadataCollectorImpl.java:226) ~[hibernate-core-6.6.29.Final.jar:6.6.29.Final]
	at org.hibernate.boot.internal.InFlightMetadataCollectorImpl.<init>(InFlightMetadataCollectorImpl.java:194) ~[hibernate-core-6.6.29.Final.jar:6.6.29.Final]
	at org.hibernate.boot.model.process.spi.MetadataBuildingProcess.complete(MetadataBuildingProcess.java:171) ~[hibernate-core-6.6.29.Final.jar:6.6.29.Final]
	at org.hibernate.jpa.boot.internal.EntityManagerFactoryBuilderImpl.metadata(EntityManagerFactoryBuilderImpl.java:1442) ~[hibernate-core-6.6.29.Final.jar:6.6.29.Final]
	at org.hibernate.jpa.boot.internal.EntityManagerFactoryBuilderImpl.build(EntityManagerFactoryBuilderImpl.java:1513) ~[hibernate-core-6.6.29.Final.jar:6.6.29.Final]
	at org.springframework.orm.jpa.vendor.SpringHibernateJpaPersistenceProvider.createContainerEntityManagerFactory(SpringHibernateJpaPersistenceProvider.java:66) ~[spring-orm-6.2.11.jar:6.2.11]
	at org.springframework.orm.jpa.LocalContainerEntityManagerFactoryBean.createNativeEntityManagerFactory(LocalContainerEntityManagerFactoryBean.java:390) ~[spring-orm-6.2.11.jar:6.2.11]
	at org.springframework.orm.jpa.AbstractEntityManagerFactoryBean.buildNativeEntityManagerFactory(AbstractEntityManagerFactoryBean.java:419) ~[spring-orm-6.2.11.jar:6.2.11]
	at org.springframework.orm.jpa.AbstractEntityManagerFactoryBean.afterPropertiesSet(AbstractEntityManagerFactoryBean.java:400) ~[spring-orm-6.2.11.jar:6.2.11]
	at org.springframework.orm.jpa.LocalContainerEntityManagerFactoryBean.afterPropertiesSet(LocalContainerEntityManagerFactoryBean.java:366) ~[spring-orm-6.2.11.jar:6.2.11]
	at org.springframework.beans.factory.support.AbstractAutowireCapableBeanFactory.invokeInitMethods(AbstractAutowireCapableBeanFactory.java:1873) ~[spring-beans-6.2.11.jar:6.2.11]
	at org.springframework.beans.factory.support.AbstractAutowireCapableBeanFactory.initializeBean(AbstractAutowireCapableBeanFactory.java:1822) ~[spring-beans-6.2.11.jar:6.2.11]
	... 15 common frames omitted
Caused by: org.hibernate.HibernateException: Unable to determine Dialect without JDBC metadata (please set 'jakarta.persistence.jdbc.url' for common cases or 'hibernate.dialect' when a custom Dialect implementation must be provided)
	at org.hibernate.engine.jdbc.dialect.internal.DialectFactoryImpl.determineDialect(DialectFactoryImpl.java:191) ~[hibernate-core-6.6.29.Final.jar:6.6.29.Final]
	at org.hibernate.engine.jdbc.dialect.internal.DialectFactoryImpl.buildDialect(DialectFactoryImpl.java:87) ~[hibernate-core-6.6.29.Final.jar:6.6.29.Final]
	at org.hibernate.engine.jdbc.env.internal.JdbcEnvironmentInitiator.getJdbcEnvironmentWithDefaults(JdbcEnvironmentInitiator.java:186) ~[hibernate-core-6.6.29.Final.jar:6.6.29.Final]
	at org.hibernate.engine.jdbc.env.internal.JdbcEnvironmentInitiator.getJdbcEnvironmentUsingJdbcMetadata(JdbcEnvironmentInitiator.java:410) ~[hibernate-core-6.6.29.Final.jar:6.6.29.Final]
	at org.hibernate.engine.jdbc.env.internal.JdbcEnvironmentInitiator.initiateService(JdbcEnvironmentInitiator.java:129) ~[hibernate-core-6.6.29.Final.jar:6.6.29.Final]
	at org.hibernate.engine.jdbc.env.internal.JdbcEnvironmentInitiator.initiateService(JdbcEnvironmentInitiator.java:81) ~[hibernate-core-6.6.29.Final.jar:6.6.29.Final]
	at org.hibernate.boot.registry.internal.StandardServiceRegistryImpl.initiateService(StandardServiceRegistryImpl.java:130) ~[hibernate-core-6.6.29.Final.jar:6.6.29.Final]
	at org.hibernate.service.internal.AbstractServiceRegistryImpl.createService(AbstractServiceRegistryImpl.java:263) ~[hibernate-core-6.6.29.Final.jar:6.6.29.Final]
	... 30 common frames omitted

2025-10-20T22:56:28.247-06:00  INFO 19864 --- [PARK CONTROL SA] [main] com.ayd.parkcontrol.Application          : Starting Application using Java 21.0.4 with PID 19864 (C:\Users\Diego Maldonado\Desktop\Universidad 2025\Segundo Semestre\Analisis y Diseño I\Proyecto Final\ayd-proyecto-final-backend\target\classes started by Diego Maldonado in C:\Users\Diego Maldonado\Desktop\Universidad 2025\Segundo Semestre\Analisis y Diseño I\Proyecto Final\ayd-proyecto-final-backend)
2025-10-20T22:56:28.250-06:00  INFO 19864 --- [PARK CONTROL SA] [main] com.ayd.parkcontrol.Application          : No active profile set, falling back to 1 default profile: "default"
2025-10-20T22:56:28.915-06:00  INFO 19864 --- [PARK CONTROL SA] [main] .s.d.r.c.RepositoryConfigurationDelegate : Multiple Spring Data modules found, entering strict repository configuration mode
2025-10-20T22:56:28.915-06:00  INFO 19864 --- [PARK CONTROL SA] [main] .s.d.r.c.RepositoryConfigurationDelegate : Bootstrapping Spring Data JPA repositories in DEFAULT mode.
2025-10-20T22:56:28.935-06:00  INFO 19864 --- [PARK CONTROL SA] [main] .s.d.r.c.RepositoryConfigurationDelegate : Finished Spring Data repository scanning in 11 ms. Found 0 JPA repository interfaces.
2025-10-20T22:56:28.935-06:00  INFO 19864 --- [PARK CONTROL SA] [main] .s.d.r.c.RepositoryConfigurationDelegate : Multiple Spring Data modules found, entering strict repository configuration mode
2025-10-20T22:56:28.935-06:00  INFO 19864 --- [PARK CONTROL SA] [main] .s.d.r.c.RepositoryConfigurationDelegate : Bootstrapping Spring Data Redis repositories in DEFAULT mode.
2025-10-20T22:56:28.959-06:00  INFO 19864 --- [PARK CONTROL SA] [main] .s.d.r.c.RepositoryConfigurationDelegate : Finished Spring Data repository scanning in 3 ms. Found 0 Redis repository interfaces.
2025-10-20T22:56:29.449-06:00  INFO 19864 --- [PARK CONTROL SA] [main] o.s.b.w.embedded.tomcat.TomcatWebServer  : Tomcat initialized with port 8080 (http)
2025-10-20T22:56:29.460-06:00  INFO 19864 --- [PARK CONTROL SA] [main] o.apache.catalina.core.StandardService   : Starting service [Tomcat]
2025-10-20T22:56:29.461-06:00  INFO 19864 --- [PARK CONTROL SA] [main] o.apache.catalina.core.StandardEngine    : Starting Servlet engine: [Apache Tomcat/10.1.46]
2025-10-20T22:56:29.523-06:00  INFO 19864 --- [PARK CONTROL SA] [main] o.a.c.c.C.[.[localhost].[/api/v1]        : Initializing Spring embedded WebApplicationContext
2025-10-20T22:56:29.523-06:00  INFO 19864 --- [PARK CONTROL SA] [main] w.s.c.ServletWebServerApplicationContext : Root WebApplicationContext: initialization completed in 1241 ms
2025-10-20T22:56:29.646-06:00  INFO 19864 --- [PARK CONTROL SA] [main] o.hibernate.jpa.internal.util.LogHelper  : HHH000204: Processing PersistenceUnitInfo [name: default]
2025-10-20T22:56:29.683-06:00  INFO 19864 --- [PARK CONTROL SA] [main] org.hibernate.Version                    : HHH000412: Hibernate ORM core version 6.6.29.Final
2025-10-20T22:56:29.699-06:00  INFO 19864 --- [PARK CONTROL SA] [main] o.h.c.internal.RegionFactoryInitiator    : HHH000026: Second-level cache disabled
2025-10-20T22:56:29.867-06:00  INFO 19864 --- [PARK CONTROL SA] [main] o.s.o.j.p.SpringPersistenceUnitInfo      : No LoadTimeWeaver setup: ignoring JPA class transformer
2025-10-20T22:56:29.892-06:00  INFO 19864 --- [PARK CONTROL SA] [main] com.zaxxer.hikari.HikariDataSource       : HikariPool-1 - Starting...
2025-10-20T22:56:29.908-06:00  INFO 19864 --- [PARK CONTROL SA] [main] com.zaxxer.hikari.HikariDataSource       : HikariPool-1 - Start completed.
2025-10-20T22:56:30.002-06:00  INFO 19864 --- [PARK CONTROL SA] [main] org.hibernate.orm.connections.pooling    : HHH10001005: Database info:
	Database JDBC URL [Connecting through datasource 'HikariDataSource (HikariPool-1)']
	Database driver: undefined/unknown
	Database version: 10.4.32
	Autocommit mode: undefined/unknown
	Isolation level: undefined/unknown
	Minimum pool size: undefined/unknown
	Maximum pool size: undefined/unknown
2025-10-20T22:56:30.206-06:00  INFO 19864 --- [PARK CONTROL SA] [main] o.h.e.t.j.p.i.JtaPlatformInitiator       : HHH000489: No JTA platform available (set 'hibernate.transaction.jta.platform' to enable JTA platform integration)
2025-10-20T22:56:30.206-06:00  INFO 19864 --- [PARK CONTROL SA] [main] j.LocalContainerEntityManagerFactoryBean : Initialized JPA EntityManagerFactory for persistence unit 'default'
2025-10-20T22:56:30.372-06:00  INFO 19864 --- [PARK CONTROL SA] [main] c.a.c.h.n.implementation.NettyUtility    : {"az.sdk.message":"The following Netty versions were found on the classpath and have a mismatch with the versions used by azure-core-http-netty. If your application runs without issue this message can be ignored, otherwise please align the Netty versions used in your application. For more information, see https://aka.ms/azsdk/java/dependency/troubleshoot.","azure-netty-version":"4.1.123.Final","azure-netty-native-version":"2.0.72.Final","classpath-netty-version-io.netty:netty-common":"4.1.127.Final","classpath-netty-version-io.netty:netty-handler":"4.1.127.Final","classpath-netty-version-io.netty:netty-handler-proxy":"4.1.127.Final","classpath-netty-version-io.netty:netty-buffer":"4.1.127.Final","classpath-netty-version-io.netty:netty-codec":"4.1.127.Final","classpath-netty-version-io.netty:netty-codec-http":"4.1.127.Final","classpath-netty-version-io.netty:netty-codec-http2":"4.1.127.Final","classpath-netty-version-io.netty:netty-transport-native-unix-common":"4.1.127.Final","classpath-netty-version-io.netty:netty-transport-native-epoll":"4.1.127.Final","classpath-netty-version-io.netty:netty-transport-native-kqueue":"4.1.127.Final","classpath-native-netty-version-io.netty:netty-tcnative-boringssl-static":"2.0.73.Final"}
2025-10-20T22:56:31.599-06:00  INFO 19864 --- [PARK CONTROL SA] [main] o.s.b.w.embedded.tomcat.TomcatWebServer  : Tomcat started on port 8080 (http) with context path '/api/v1'
2025-10-20T22:56:31.608-06:00  INFO 19864 --- [PARK CONTROL SA] [main] com.ayd.parkcontrol.Application          : Started Application in 3.7 seconds (process running for 3.992)
2025-10-20T22:56:34.534-06:00  INFO 19864 --- [PARK CONTROL SA] [SpringApplicationShutdownHook] o.s.b.w.e.tomcat.GracefulShutdown        : Commencing graceful shutdown. Waiting for active requests to complete
2025-10-20T22:56:34.544-06:00  INFO 19864 --- [PARK CONTROL SA] [tomcat-shutdown] o.s.b.w.e.tomcat.GracefulShutdown        : Graceful shutdown complete
2025-10-20T22:56:34.569-06:00  INFO 19864 --- [PARK CONTROL SA] [SpringApplicationShutdownHook] j.LocalContainerEntityManagerFactoryBean : Closing JPA EntityManagerFactory for persistence unit 'default'
2025-10-20T22:56:34.571-06:00  INFO 19864 --- [PARK CONTROL SA] [SpringApplicationShutdownHook] com.zaxxer.hikari.HikariDataSource       : HikariPool-1 - Shutdown initiated...
2025-10-20T22:56:34.576-06:00  INFO 19864 --- [PARK CONTROL SA] [SpringApplicationShutdownHook] com.zaxxer.hikari.HikariDataSource       : HikariPool-1 - Shutdown completed.
